<?xml version="1.0" encoding="UTF-8"?>
<!-- Generated by org.testng.reporters.JUnitReportReporter -->
<testsuite hostname="DESKTOP-L2EFJL1" failures="0" tests="5" name="com.nlt.test.EDXTest" time="68.487" errors="0" timestamp="2021-01-20T11:17:19 IST" skipped="0">
  <testcase classname="com.nlt.test.EDXTest" name="SearchTest" time="1.324"/>
  <system-out/>
  <testcase classname="com.nlt.test.EDXTest" name="registerButtonTest" time="6.897"/>
  <system-out/>
  <testcase classname="com.nlt.test.EDXTest" name="registrationFormTest" time="38.271"/>
  <system-out/>
  <testcase classname="com.nlt.test.EDXTest" name="registrationFormTest" time="6.736"/>
  <system-out/>
  <testcase classname="com.nlt.test.EDXTest" name="loginTest" time="15.259"/>
  <system-out/>
</testsuite> <!-- com.nlt.test.EDXTest -->
