<?xml version="1.0" encoding="UTF-8"?>
<!-- Generated by org.testng.reporters.JUnitReportReporter -->
<testsuite hostname="DESKTOP-L2EFJL1" failures="0" tests="3" name="com.nlt.test.EDXTest" time="53.725" errors="0" timestamp="2021-01-18T15:48:25 IST" skipped="0">
  <testcase classname="com.nlt.test.EDXTest" name="SearchTest" time="5.209"/>
  <system-out/>
  <testcase classname="com.nlt.test.EDXTest" name="registrationFormTest" time="32.807"/>
  <system-out/>
  <testcase classname="com.nlt.test.EDXTest" name="loginTest" time="15.709"/>
  <system-out/>
</testsuite> <!-- com.nlt.test.EDXTest -->
