<?xml version="1.0" encoding="UTF-8"?>
<!-- Generated by org.testng.reporters.JUnitReportReporter -->
<testsuite hostname="DESKTOP-L2EFJL1" failures="0" tests="2" name="com.nlt.util.ExcelDataProvider" time="32.088" errors="0" timestamp="2021-01-16T14:48:47 IST" skipped="0">
  <testcase classname="com.nlt.util.ExcelDataProvider" name="test1" time="6.847"/>
  <system-out/>
  <testcase classname="com.nlt.util.ExcelDataProvider" name="test1" time="25.241"/>
  <system-out/>
</testsuite> <!-- com.nlt.util.ExcelDataProvider -->
