<?xml version="1.0" encoding="UTF-8"?>
<!-- Generated by org.testng.reporters.JUnitReportReporter -->
<testsuite hostname="DESKTOP-L2EFJL1" failures="0" tests="2" name="com.nlt.test.RegiistrationTest" time="26.667" errors="0" timestamp="2021-01-16T16:08:32 IST" skipped="0">
  <testcase classname="com.nlt.test.RegiistrationTest" name="test1" time="16.212"/>
  <system-out/>
  <testcase classname="com.nlt.test.RegiistrationTest" name="test1" time="10.455"/>
  <system-out/>
</testsuite> <!-- com.nlt.test.RegiistrationTest -->
